#
# There is insufficient memory for the Java Runtime Environment to continue.
# Native memory allocation (mmap) failed to map 335544320 bytes for G1 virtual space
# Possible reasons:
#   The system is out of physical RAM or swap space
#   The process is running with CompressedOops enabled, and the Java Heap may be blocking the growth of the native heap
# Possible solutions:
#   Reduce memory load on the system
#   Increase physical memory or swap space
#   Check if swap backing store is full
#   Decrease Java heap size (-Xmx/-Xms)
#   Decrease number of Java threads
#   Decrease Java thread stack sizes (-Xss)
#   Set larger code cache with -XX:ReservedCodeCacheSize=
#   JVM is running with Zero Based Compressed Oops mode in which the Java heap is
#     placed in the first 32GB address space. The Java Heap base address is the
#     maximum limit for the native heap growth. Please use -XX:HeapBaseMinAddress
#     to set the Java Heap base and to place the Java Heap above 32GB virtual address.
# This output file may be truncated or incomplete.
#
#  Out of Memory Error (os_windows.cpp:3550), pid=24636, tid=2716
#
# JRE version:  (17.0.6+9) (build )
# Java VM: Java HotSpot(TM) 64-Bit Server VM (17.0.6+9-LTS-190, mixed mode, sharing, tiered, compressed oops, compressed class ptrs, g1 gc, windows-amd64)
# No core dump will be written. Minidumps are not enabled by default on client versions of Windows
#

---------------  S U M M A R Y ------------

Command Line: -javaagent:C:\Program Files\JetBrains\IntelliJ IDEA Community Edition 2022.1\lib\idea_rt.jar=56523:C:\Program Files\JetBrains\IntelliJ IDEA Community Edition 2022.1\bin -Dfile.encoding=UTF-8 com.sprintpay.projetsig.ProjetSigApplication

Host: Intel(R) Core(TM) i7-8565U CPU @ 1.80GHz, 8 cores, 19G,  Windows 10 , 64 bit Build 19041 (10.0.19041.3155)
Time: Wed Jul 26 09:18:05 2023 Afr. centrale Ouest elapsed time: 0.014512 seconds (0d 0h 0m 0s)

---------------  T H R E A D  ---------------

Current thread (0x000001c29ac59380):  JavaThread "Unknown thread" [_thread_in_vm, id=2716, stack(0x0000009d62a00000,0x0000009d62b00000)]

Stack: [0x0000009d62a00000,0x0000009d62b00000]
Native frames: (J=compiled Java code, j=interpreted, Vv=VM code, C=native code)
V  [jvm.dll+0x6734ea]
V  [jvm.dll+0x7d18f4]
V  [jvm.dll+0x7d309e]
V  [jvm.dll+0x7d3703]
V  [jvm.dll+0x2433c5]
V  [jvm.dll+0x6703f9]
V  [jvm.dll+0x664d32]
V  [jvm.dll+0x300086]
V  [jvm.dll+0x307606]
V  [jvm.dll+0x356c1e]
V  [jvm.dll+0x356e4f]
V  [jvm.dll+0x2d72e8]
V  [jvm.dll+0x2d8254]
V  [jvm.dll+0x7a33b1]
V  [jvm.dll+0x3647f1]
V  [jvm.dll+0x782839]
V  [jvm.dll+0x3e757f]
V  [jvm.dll+0x3e9001]
C  [jli.dll+0x5297]
C  [ucrtbase.dll+0x21bb2]
C  [KERNEL32.DLL+0x17614]
C  [ntdll.dll+0x526b1]


---------------  P R O C E S S  ---------------

Threads class SMR info:
_java_thread_list=0x00007ff83178e958, length=0, elements={
}

Java Threads: ( => current thread )

Other Threads:
  0x000001c29acd05d0 GCTaskThread "GC Thread#0" [stack: 0x0000009d62b00000,0x0000009d62c00000] [id=6352]
  0x000001c29acdb2f0 ConcurrentGCThread "G1 Main Marker" [stack: 0x0000009d62c00000,0x0000009d62d00000] [id=14864]
  0x000001c29acdc3b0 ConcurrentGCThread "G1 Conc#0" [stack: 0x0000009d62d00000,0x0000009d62e00000] [id=23420]

[error occurred during error reporting (printing all threads), id 0xc0000005, EXCEPTION_ACCESS_VIOLATION (0xc0000005) at pc=0x00007ff830fc7f07]

VM state: not at safepoint (not fully initialized)

VM Mutex/Monitor currently owned by a thread:  ([mutex/lock_event])
[0x000001c29ac529d0] Heap_lock - owner thread: 0x000001c29ac59380

Heap address: 0x00000006c2400000, size: 5084 MB, Compressed Oops mode: Zero based, Oop shift amount: 3

CDS archive(s) mapped at: [0x0000000000000000-0x0000000000000000-0x0000000000000000), size 0, SharedBaseAddress: 0x0000000800000000, ArchiveRelocationMode: 0.
Narrow klass base: 0x0000000000000000, Narrow klass shift: 0, Narrow klass range: 0x0

GC Precious Log:
<Empty>

Heap:
 garbage-first heap   total 0K, used 0K [0x00000006c2400000, 0x0000000800000000)
  region size 4096K, 0 young (0K), 0 survivors (0K)

[error occurred during error reporting (printing heap information), id 0xc0000005, EXCEPTION_ACCESS_VIOLATION (0xc0000005) at pc=0x00007ff8313ac759]

GC Heap History (0 events):
No events

Deoptimization events (0 events):
No events

Classes unloaded (0 events):
No events

Classes redefined (0 events):
No events

Internal exceptions (0 events):
No events

VM Operations (0 events):
No events

Events (1 events):
Event: 0.009 Loaded shared library C:\Program Files\Java\jdk-17\bin\java.dll


Dynamic libraries:
0x00007ff7c79b0000 - 0x00007ff7c79c0000 	C:\Program Files\Java\jdk-17\bin\java.exe
0x00007ff880810000 - 0x00007ff880a08000 	C:\WINDOWS\SYSTEM32\ntdll.dll
0x00007ff87f8f0000 - 0x00007ff87f9af000 	C:\WINDOWS\System32\KERNEL32.DLL
0x00007ff87e100000 - 0x00007ff87e3f6000 	C:\WINDOWS\System32\KERNELBASE.dll
0x00007ff87e770000 - 0x00007ff87e870000 	C:\WINDOWS\System32\ucrtbase.dll
0x00007ff864a10000 - 0x00007ff864a28000 	C:\Program Files\Java\jdk-17\bin\jli.dll
0x00007ff864460000 - 0x00007ff86447b000 	C:\Program Files\Java\jdk-17\bin\VCRUNTIME140.dll
0x00007ff8803c0000 - 0x00007ff88046f000 	C:\WINDOWS\System32\ADVAPI32.dll
0x00007ff87fd80000 - 0x00007ff87fe1e000 	C:\WINDOWS\System32\msvcrt.dll
0x00007ff87f6a0000 - 0x00007ff87f73c000 	C:\WINDOWS\System32\sechost.dll
0x00007ff880290000 - 0x00007ff8803b6000 	C:\WINDOWS\System32\RPCRT4.dll
0x00007ff87f750000 - 0x00007ff87f8ed000 	C:\WINDOWS\System32\USER32.dll
0x00007ff87def0000 - 0x00007ff87df12000 	C:\WINDOWS\System32\win32u.dll
0x00007ff866cd0000 - 0x00007ff866f6a000 	C:\WINDOWS\WinSxS\amd64_microsoft.windows.common-controls_6595b64144ccf1df_6.0.19041.1110_none_60b5254171f9507e\COMCTL32.dll
0x00007ff87fcf0000 - 0x00007ff87fd1c000 	C:\WINDOWS\System32\GDI32.dll
0x00007ff87df20000 - 0x00007ff87e035000 	C:\WINDOWS\System32\gdi32full.dll
0x00007ff87e400000 - 0x00007ff87e49d000 	C:\WINDOWS\System32\msvcp_win.dll
0x00007ff879320000 - 0x00007ff87932a000 	C:\WINDOWS\SYSTEM32\VERSION.dll
0x00007ff87e870000 - 0x00007ff87e8a0000 	C:\WINDOWS\System32\IMM32.DLL
0x00007ff879100000 - 0x00007ff87910c000 	C:\Program Files\Java\jdk-17\bin\vcruntime140_1.dll
0x00007ff85df40000 - 0x00007ff85dfce000 	C:\Program Files\Java\jdk-17\bin\msvcp140.dll
0x00007ff830ce0000 - 0x00007ff8318b7000 	C:\Program Files\Java\jdk-17\bin\server\jvm.dll
0x00007ff87f740000 - 0x00007ff87f748000 	C:\WINDOWS\System32\PSAPI.DLL
0x00007ff865be0000 - 0x00007ff865be9000 	C:\WINDOWS\SYSTEM32\WSOCK32.dll
0x00007ff877500000 - 0x00007ff877527000 	C:\WINDOWS\SYSTEM32\WINMM.dll
0x00007ff87fa60000 - 0x00007ff87facb000 	C:\WINDOWS\System32\WS2_32.dll
0x00007ff87bd60000 - 0x00007ff87bd72000 	C:\WINDOWS\SYSTEM32\kernel.appcore.dll
0x00007ff878ed0000 - 0x00007ff878eda000 	C:\Program Files\Java\jdk-17\bin\jimage.dll
0x00007ff875830000 - 0x00007ff875a14000 	C:\WINDOWS\SYSTEM32\DBGHELP.DLL
0x00007ff8749c0000 - 0x00007ff8749f4000 	C:\WINDOWS\SYSTEM32\dbgcore.DLL
0x00007ff87e6e0000 - 0x00007ff87e762000 	C:\WINDOWS\System32\bcryptPrimitives.dll
0x00007ff878e00000 - 0x00007ff878e0e000 	C:\Program Files\Java\jdk-17\bin\instrument.dll
0x00007ff864430000 - 0x00007ff864455000 	C:\Program Files\Java\jdk-17\bin\java.dll

dbghelp: loaded successfully - version: 4.0.5 - missing functions: none
symbol engine: initialized successfully - sym options: 0x614 - pdb path: .;C:\Program Files\Java\jdk-17\bin;C:\WINDOWS\SYSTEM32;C:\WINDOWS\WinSxS\amd64_microsoft.windows.common-controls_6595b64144ccf1df_6.0.19041.1110_none_60b5254171f9507e;C:\Program Files\Java\jdk-17\bin\server

VM Arguments:
jvm_args: -javaagent:C:\Program Files\JetBrains\IntelliJ IDEA Community Edition 2022.1\lib\idea_rt.jar=56523:C:\Program Files\JetBrains\IntelliJ IDEA Community Edition 2022.1\bin -Dfile.encoding=UTF-8 
java_command: com.sprintpay.projetsig.ProjetSigApplication
java_class_path (initial): C:\Users\User\StudioProjects\sig-minpostel-backend\projet-sig\target\classes;C:\Users\User\.m2\repository\org\springframework\boot\spring-boot-starter-data-jpa\2.7.14\spring-boot-starter-data-jpa-2.7.14.jar;C:\Users\User\.m2\repository\org\springframework\boot\spring-boot-starter-aop\2.7.14\spring-boot-starter-aop-2.7.14.jar;C:\Users\User\.m2\repository\org\springframework\spring-aop\5.3.29\spring-aop-5.3.29.jar;C:\Users\User\.m2\repository\org\aspectj\aspectjweaver\1.9.7\aspectjweaver-1.9.7.jar;C:\Users\User\.m2\repository\org\springframework\boot\spring-boot-starter-jdbc\2.7.14\spring-boot-starter-jdbc-2.7.14.jar;C:\Users\User\.m2\repository\com\zaxxer\HikariCP\4.0.3\HikariCP-4.0.3.jar;C:\Users\User\.m2\repository\org\springframework\spring-jdbc\5.3.29\spring-jdbc-5.3.29.jar;C:\Users\User\.m2\repository\jakarta\transaction\jakarta.transaction-api\1.3.3\jakarta.transaction-api-1.3.3.jar;C:\Users\User\.m2\repository\jakarta\persistence\jakarta.persistence-api\2.2.3\jakarta.persistence-api-2.2.3.jar;C:\Users\User\.m2\repository\org\hibernate\hibernate-core\5.6.15.Final\hibernate-core-5.6.15.Final.jar;C:\Users\User\.m2\repository\org\jboss\logging\jboss-logging\3.4.3.Final\jboss-logging-3.4.3.Final.jar;C:\Users\User\.m2\repository\net\bytebuddy\byte-buddy\1.12.23\byte-buddy-1.12.23.jar;C:\Users\User\.m2\repository\antlr\antlr\2.7.7\antlr-2.7.7.jar;C:\Users\User\.m2\repository\org\jboss\jandex\2.4.2.Final\jandex-2.4.2.Final.jar;C:\Users\User\.m2\repository\com\fasterxml\classmate\1.5.1\classmate-1.5.1.jar;C:\Users\User\.m2\repository\org\hibernate\common\hibernate-commons-annotations\5.1.2.Final\hibernate-commons-annotations-5.1.2.Final.jar;C:\Users\User\.m2\repository\org\glassfish\jaxb\jaxb-runtime\2.3.8\jaxb-runtime-2.3.8.jar;C:\Users\User\.m2\repository\org\glassfish\jaxb\txw2\2.3.8\txw2-2.3.8.jar;C:\Users\User\.m2\repository\com\sun\istack\istack-commons-runtime\3.0.12\istack-commons-runtime-3.0.12.jar;C:\Users\User\.m2\repository\com\
Launcher Type: SUN_STANDARD

[Global flags]
     intx CICompilerCount                          = 4                                         {product} {ergonomic}
     uint ConcGCThreads                            = 2                                         {product} {ergonomic}
     uint G1ConcRefinementThreads                  = 8                                         {product} {ergonomic}
   size_t G1HeapRegionSize                         = 4194304                                   {product} {ergonomic}
    uintx GCDrainStackTargetSize                   = 64                                        {product} {ergonomic}
   size_t InitialHeapSize                          = 335544320                                 {product} {ergonomic}
   size_t MarkStackSize                            = 4194304                                   {product} {ergonomic}
   size_t MaxHeapSize                              = 5330960384                                {product} {ergonomic}
   size_t MinHeapDeltaBytes                        = 4194304                                   {product} {ergonomic}
   size_t MinHeapSize                              = 8388608                                   {product} {ergonomic}
    uintx NonNMethodCodeHeapSize                   = 5839372                                {pd product} {ergonomic}
    uintx NonProfiledCodeHeapSize                  = 122909434                              {pd product} {ergonomic}
    uintx ProfiledCodeHeapSize                     = 122909434                              {pd product} {ergonomic}
    uintx ReservedCodeCacheSize                    = 251658240                              {pd product} {ergonomic}
     bool SegmentedCodeCache                       = true                                      {product} {ergonomic}
   size_t SoftMaxHeapSize                          = 5330960384                             {manageable} {ergonomic}
     bool UseCompressedClassPointers               = true                           {product lp64_product} {ergonomic}
     bool UseCompressedOops                        = true                           {product lp64_product} {ergonomic}
     bool UseG1GC                                  = true                                      {product} {ergonomic}
     bool UseLargePagesIndividualAllocation        = false                                  {pd product} {ergonomic}

Logging:
Log output configuration:
 #0: stdout all=warning uptime,level,tags
 #1: stderr all=off uptime,level,tags

Environment Variables:
JAVA_HOME=C:\Program Files\Java\jdk1.8.0_281
PATH=C:\Program Files\Java\jdk1.8.0_281\bin;C:\Program Files\Common Files\Oracle\Java\javapath;C:\Program Files (x86)\Common Files\Oracle\Java\javapath;C:\Python39\Scripts\;C:\Python39\;C:\WINDOWS\system32;C:\WINDOWS;C:\WINDOWS\System32\Wbem;C:\WINDOWS\System32\WindowsPowerShell\v1.0\;C:\WINDOWS\System32\OpenSSH\;C:\Program Files\Intel\WiFi\bin\;C:\Program Files\Common Files\Intel\WirelessCommon\;C:\Program Files (x86)\HP\IdrsOCR_15.2.10.1114\;C:\ProgramData\chocolatey\bin;C:\Program Files (x86)\nodejs;C:\Program Files\Git\cmd;C:\apache-maven\bin;C:\Program Files\nodejs\;C:\xampp\php;C:\ProgramData\ComposerSetup\bin;C:\openssl-1.0.2r-x64_86-win64;%M2_HOME%\bin;C:\Program Files\Docker\Docker\resources\bin;C:\Users\User\scoop\shims;C:\Users\User\AppData\Local\Microsoft\WindowsApps;C:\Program Files (x86)\nodejs;C:\Users\User\AppData\Local\Programs\Microsoft VS Code\bin;C:\flutter\bin;C:\apache-maven\bin;;C:\Program Files\JetBrains\IntelliJ IDEA Community Edition 2022.1\bin;;C:\Users\User\AppData\Roaming\npm;C:\Users\User\AppData\Roaming\Composer\vendor\bin;C:\Program Files\JetBrains\PhpStorm 2022.1.4\bin;
USERNAME=User
OS=Windows_NT
PROCESSOR_IDENTIFIER=Intel64 Family 6 Model 142 Stepping 11, GenuineIntel



---------------  S Y S T E M  ---------------

OS:
 Windows 10 , 64 bit Build 19041 (10.0.19041.3155)
OS uptime: 11 days 14:34 hours
Hyper-V role detected

CPU: total 8 (initial active 8) (4 cores per cpu, 2 threads per core) family 6 model 142 stepping 11 microcode 0xde, cx8, cmov, fxsr, ht, mmx, 3dnowpref, sse, sse2, sse3, ssse3, sse4.1, sse4.2, popcnt, lzcnt, tsc, tscinvbit, avx, avx2, aes, erms, clmul, bmi1, bmi2, adx, fma, vzeroupper, clflush, clflushopt, hv

Memory: 4k page, system-wide physical 20331M (4034M free)
TotalPageFile size 32789M (AvailPageFile size 196M)
current process WorkingSet (physical memory assigned to process): 10M, peak: 10M
current process commit charge ("private bytes"): 60M, peak: 380M

vm_info: Java HotSpot(TM) 64-Bit Server VM (17.0.6+9-LTS-190) for windows-amd64 JRE (17.0.6+9-LTS-190), built on Dec  6 2022 15:53:54 by "mach5one" with MS VC++ 17.1 (VS2022)

END.
