#
# There is insufficient memory for the Java Runtime Environment to continue.
# Native memory allocation (mmap) failed to map 335544320 bytes for G1 virtual space
# Possible reasons:
#   The system is out of physical RAM or swap space
#   The process is running with CompressedOops enabled, and the Java Heap may be blocking the growth of the native heap
# Possible solutions:
#   Reduce memory load on the system
#   Increase physical memory or swap space
#   Check if swap backing store is full
#   Decrease Java heap size (-Xmx/-Xms)
#   Decrease number of Java threads
#   Decrease Java thread stack sizes (-Xss)
#   Set larger code cache with -XX:ReservedCodeCacheSize=
#   JVM is running with Zero Based Compressed Oops mode in which the Java heap is
#     placed in the first 32GB address space. The Java Heap base address is the
#     maximum limit for the native heap growth. Please use -XX:HeapBaseMinAddress
#     to set the Java Heap base and to place the Java Heap above 32GB virtual address.
# This output file may be truncated or incomplete.
#
#  Out of Memory Error (os_windows.cpp:3550), pid=18532, tid=11756
#
# JRE version:  (17.0.6+9) (build )
# Java VM: Java HotSpot(TM) 64-Bit Server VM (17.0.6+9-LTS-190, mixed mode, sharing, tiered, compressed oops, compressed class ptrs, g1 gc, windows-amd64)
# No core dump will be written. Minidumps are not enabled by default on client versions of Windows
#

---------------  S U M M A R Y ------------

Command Line: -javaagent:C:\Program Files\JetBrains\IntelliJ IDEA Community Edition 2022.1\lib\idea_rt.jar=49335:C:\Program Files\JetBrains\IntelliJ IDEA Community Edition 2022.1\bin -Dfile.encoding=UTF-8 com.sprintpay.projetsig.ProjetSigApplication

Host: Intel(R) Core(TM) i7-8565U CPU @ 1.80GHz, 8 cores, 19G,  Windows 10 , 64 bit Build 19041 (10.0.19041.3570)
Time: Wed Oct 25 10:34:15 2023 Afr. centrale Ouest elapsed time: 0.017398 seconds (0d 0h 0m 0s)

---------------  T H R E A D  ---------------

Current thread (0x000001cde9a84680):  JavaThread "Unknown thread" [_thread_in_vm, id=11756, stack(0x00000018dcb00000,0x00000018dcc00000)]

Stack: [0x00000018dcb00000,0x00000018dcc00000]
Native frames: (J=compiled Java code, j=interpreted, Vv=VM code, C=native code)
V  [jvm.dll+0x6734ea]
V  [jvm.dll+0x7d18f4]
V  [jvm.dll+0x7d309e]
V  [jvm.dll+0x7d3703]
V  [jvm.dll+0x2433c5]
V  [jvm.dll+0x6703f9]
V  [jvm.dll+0x664d32]
V  [jvm.dll+0x300086]
V  [jvm.dll+0x307606]
V  [jvm.dll+0x356c1e]
V  [jvm.dll+0x356e4f]
V  [jvm.dll+0x2d72e8]
V  [jvm.dll+0x2d8254]
V  [jvm.dll+0x7a33b1]
V  [jvm.dll+0x3647f1]
V  [jvm.dll+0x782839]
V  [jvm.dll+0x3e757f]
V  [jvm.dll+0x3e9001]
C  [jli.dll+0x5297]
C  [ucrtbase.dll+0x21bb2]
C  [KERNEL32.DLL+0x17344]
C  [ntdll.dll+0x526b1]


---------------  P R O C E S S  ---------------

Threads class SMR info:
_java_thread_list=0x00007ff9c896e958, length=0, elements={
}

Java Threads: ( => current thread )

Other Threads:
  0x000001cde9afaaa0 GCTaskThread "GC Thread#0" [stack: 0x00000018dcc00000,0x00000018dcd00000] [id=7540]
  0x000001cde9b068c0 ConcurrentGCThread "G1 Main Marker" [stack: 0x00000018dcd00000,0x00000018dce00000] [id=11704]
  0x000001cde9b07a70 ConcurrentGCThread "G1 Conc#0" [stack: 0x00000018dce00000,0x00000018dcf00000] [id=16180]

[error occurred during error reporting (printing all threads), id 0xc0000005, EXCEPTION_ACCESS_VIOLATION (0xc0000005) at pc=0x00007ff9c81a7f07]

VM state: not at safepoint (not fully initialized)

VM Mutex/Monitor currently owned by a thread:  ([mutex/lock_event])
[0x000001cde9a802d0] Heap_lock - owner thread: 0x000001cde9a84680

Heap address: 0x00000006c2400000, size: 5084 MB, Compressed Oops mode: Zero based, Oop shift amount: 3

CDS archive(s) mapped at: [0x0000000000000000-0x0000000000000000-0x0000000000000000), size 0, SharedBaseAddress: 0x0000000800000000, ArchiveRelocationMode: 0.
Narrow klass base: 0x0000000000000000, Narrow klass shift: 0, Narrow klass range: 0x0

GC Precious Log:
<Empty>

Heap:
 garbage-first heap   total 0K, used 0K [0x00000006c2400000, 0x0000000800000000)
  region size 4096K, 0 young (0K), 0 survivors (0K)

[error occurred during error reporting (printing heap information), id 0xc0000005, EXCEPTION_ACCESS_VIOLATION (0xc0000005) at pc=0x00007ff9c858c759]

GC Heap History (0 events):
No events

Deoptimization events (0 events):
No events

Classes unloaded (0 events):
No events

Classes redefined (0 events):
No events

Internal exceptions (0 events):
No events

VM Operations (0 events):
No events

Events (1 events):
Event: 0.011 Loaded shared library C:\Program Files\Java\jdk-17\bin\java.dll


Dynamic libraries:
0x00007ff7f18d0000 - 0x00007ff7f18e0000 	C:\Program Files\Java\jdk-17\bin\java.exe
0x00007ffa839f0000 - 0x00007ffa83be7000 	C:\WINDOWS\SYSTEM32\ntdll.dll
0x00007ffa82b70000 - 0x00007ffa82c2d000 	C:\WINDOWS\System32\KERNEL32.DLL
0x00007ffa814f0000 - 0x00007ffa817e6000 	C:\WINDOWS\System32\KERNELBASE.dll
0x00007ffa81820000 - 0x00007ffa81920000 	C:\WINDOWS\System32\ucrtbase.dll
0x00007ffa37e70000 - 0x00007ffa37e8b000 	C:\Program Files\Java\jdk-17\bin\VCRUNTIME140.dll
0x00007ffa38a50000 - 0x00007ffa38a68000 	C:\Program Files\Java\jdk-17\bin\jli.dll
0x00007ffa829b0000 - 0x00007ffa82a5e000 	C:\WINDOWS\System32\ADVAPI32.dll
0x00007ffa81f50000 - 0x00007ffa81fee000 	C:\WINDOWS\System32\msvcrt.dll
0x00007ffa82c30000 - 0x00007ffa82ccc000 	C:\WINDOWS\System32\sechost.dll
0x00007ffa81a50000 - 0x00007ffa81b76000 	C:\WINDOWS\System32\RPCRT4.dll
0x00007ffa820b0000 - 0x00007ffa8224e000 	C:\WINDOWS\System32\USER32.dll
0x00007ffa66260000 - 0x00007ffa664fa000 	C:\WINDOWS\WinSxS\amd64_microsoft.windows.common-controls_6595b64144ccf1df_6.0.19041.3570_none_60bb2a3971f3e41a\COMCTL32.dll
0x00007ffa81280000 - 0x00007ffa812a2000 	C:\WINDOWS\System32\win32u.dll
0x00007ffa81cc0000 - 0x00007ffa81cec000 	C:\WINDOWS\System32\GDI32.dll
0x00007ffa812b0000 - 0x00007ffa813ca000 	C:\WINDOWS\System32\gdi32full.dll
0x00007ffa819b0000 - 0x00007ffa81a4d000 	C:\WINDOWS\System32\msvcp_win.dll
0x00007ffa78160000 - 0x00007ffa7816a000 	C:\WINDOWS\SYSTEM32\VERSION.dll
0x00007ffa82b40000 - 0x00007ffa82b70000 	C:\WINDOWS\System32\IMM32.DLL
0x00007ffa3ced0000 - 0x00007ffa3cedc000 	C:\Program Files\Java\jdk-17\bin\vcruntime140_1.dll
0x00007ffa36c00000 - 0x00007ffa36c8e000 	C:\Program Files\Java\jdk-17\bin\msvcp140.dll
0x00007ff9c7ec0000 - 0x00007ff9c8a97000 	C:\Program Files\Java\jdk-17\bin\server\jvm.dll
0x00007ffa82250000 - 0x00007ffa82258000 	C:\WINDOWS\System32\PSAPI.DLL
0x00007ffa63de0000 - 0x00007ffa63de9000 	C:\WINDOWS\SYSTEM32\WSOCK32.dll
0x00007ffa76be0000 - 0x00007ffa76c07000 	C:\WINDOWS\SYSTEM32\WINMM.dll
0x00007ffa82a60000 - 0x00007ffa82acb000 	C:\WINDOWS\System32\WS2_32.dll
0x00007ffa7f8c0000 - 0x00007ffa7f8d2000 	C:\WINDOWS\SYSTEM32\kernel.appcore.dll
0x00007ffa3ce90000 - 0x00007ffa3ce9a000 	C:\Program Files\Java\jdk-17\bin\jimage.dll
0x00007ffa7ee30000 - 0x00007ffa7f014000 	C:\WINDOWS\SYSTEM32\DBGHELP.DLL
0x00007ffa721e0000 - 0x00007ffa72214000 	C:\WINDOWS\SYSTEM32\dbgcore.DLL
0x00007ffa81920000 - 0x00007ffa819a2000 	C:\WINDOWS\System32\bcryptPrimitives.dll
0x00007ffa75950000 - 0x00007ffa7595e000 	C:\Program Files\Java\jdk-17\bin\instrument.dll
0x00007ffa37200000 - 0x00007ffa37225000 	C:\Program Files\Java\jdk-17\bin\java.dll

dbghelp: loaded successfully - version: 4.0.5 - missing functions: none
symbol engine: initialized successfully - sym options: 0x614 - pdb path: .;C:\Program Files\Java\jdk-17\bin;C:\WINDOWS\SYSTEM32;C:\WINDOWS\WinSxS\amd64_microsoft.windows.common-controls_6595b64144ccf1df_6.0.19041.3570_none_60bb2a3971f3e41a;C:\Program Files\Java\jdk-17\bin\server

VM Arguments:
jvm_args: -javaagent:C:\Program Files\JetBrains\IntelliJ IDEA Community Edition 2022.1\lib\idea_rt.jar=49335:C:\Program Files\JetBrains\IntelliJ IDEA Community Edition 2022.1\bin -Dfile.encoding=UTF-8 
java_command: com.sprintpay.projetsig.ProjetSigApplication
java_class_path (initial): C:\Users\User\StudioProjects\sig-minpostel-backend\sig-back-end\target\classes;C:\Users\User\.m2\repository\org\postgresql\postgresql\42.6.0\postgresql-42.6.0.jar;C:\Users\User\.m2\repository\org\checkerframework\checker-qual\3.31.0\checker-qual-3.31.0.jar;C:\Users\User\.m2\repository\org\springframework\boot\spring-boot-starter-data-jpa\3.1.2\spring-boot-starter-data-jpa-3.1.2.jar;C:\Users\User\.m2\repository\org\springframework\boot\spring-boot-starter-aop\3.1.2\spring-boot-starter-aop-3.1.2.jar;C:\Users\User\.m2\repository\org\aspectj\aspectjweaver\1.9.19\aspectjweaver-1.9.19.jar;C:\Users\User\.m2\repository\org\springframework\boot\spring-boot-starter-jdbc\3.1.2\spring-boot-starter-jdbc-3.1.2.jar;C:\Users\User\.m2\repository\com\zaxxer\HikariCP\5.0.1\HikariCP-5.0.1.jar;C:\Users\User\.m2\repository\org\springframework\spring-jdbc\6.0.11\spring-jdbc-6.0.11.jar;C:\Users\User\.m2\repository\org\hibernate\orm\hibernate-core\6.2.6.Final\hibernate-core-6.2.6.Final.jar;C:\Users\User\.m2\repository\jakarta\persistence\jakarta.persistence-api\3.1.0\jakarta.persistence-api-3.1.0.jar;C:\Users\User\.m2\repository\jakarta\transaction\jakarta.transaction-api\2.0.1\jakarta.transaction-api-2.0.1.jar;C:\Users\User\.m2\repository\org\hibernate\common\hibernate-commons-annotations\6.0.6.Final\hibernate-commons-annotations-6.0.6.Final.jar;C:\Users\User\.m2\repository\io\smallrye\jandex\3.0.5\jandex-3.0.5.jar;C:\Users\User\.m2\repository\com\fasterxml\classmate\1.5.1\classmate-1.5.1.jar;C:\Users\User\.m2\repository\net\bytebuddy\byte-buddy\1.14.5\byte-buddy-1.14.5.jar;C:\Users\User\.m2\repository\jakarta\inject\jakarta.inject-api\2.0.1\jakarta.inject-api-2.0.1.jar;C:\Users\User\.m2\repository\org\antlr\antlr4-runtime\4.10.1\antlr4-runtime-4.10.1.jar;C:\Users\User\.m2\repository\org\springframework\data\spring-data-jpa\3.1.2\spring-data-jpa-3.1.2.jar;C:\Users\User\.m2\repository\org\springframework\data\spring-data-commons\3.1.2\spring-data-commons-3.1.2.j
Launcher Type: SUN_STANDARD

[Global flags]
     intx CICompilerCount                          = 4                                         {product} {ergonomic}
     uint ConcGCThreads                            = 2                                         {product} {ergonomic}
     uint G1ConcRefinementThreads                  = 8                                         {product} {ergonomic}
   size_t G1HeapRegionSize                         = 4194304                                   {product} {ergonomic}
    uintx GCDrainStackTargetSize                   = 64                                        {product} {ergonomic}
   size_t InitialHeapSize                          = 335544320                                 {product} {ergonomic}
   size_t MarkStackSize                            = 4194304                                   {product} {ergonomic}
   size_t MaxHeapSize                              = 5330960384                                {product} {ergonomic}
   size_t MinHeapDeltaBytes                        = 4194304                                   {product} {ergonomic}
   size_t MinHeapSize                              = 8388608                                   {product} {ergonomic}
    uintx NonNMethodCodeHeapSize                   = 5839372                                {pd product} {ergonomic}
    uintx NonProfiledCodeHeapSize                  = 122909434                              {pd product} {ergonomic}
    uintx ProfiledCodeHeapSize                     = 122909434                              {pd product} {ergonomic}
    uintx ReservedCodeCacheSize                    = 251658240                              {pd product} {ergonomic}
     bool SegmentedCodeCache                       = true                                      {product} {ergonomic}
   size_t SoftMaxHeapSize                          = 5330960384                             {manageable} {ergonomic}
     bool UseCompressedClassPointers               = true                           {product lp64_product} {ergonomic}
     bool UseCompressedOops                        = true                           {product lp64_product} {ergonomic}
     bool UseG1GC                                  = true                                      {product} {ergonomic}
     bool UseLargePagesIndividualAllocation        = false                                  {pd product} {ergonomic}

Logging:
Log output configuration:
 #0: stdout all=warning uptime,level,tags
 #1: stderr all=off uptime,level,tags

Environment Variables:
JAVA_HOME=C:\Program Files\Java\jdk1.8.0_281
PATH=C:\Program Files\Java\jdk-17\bin;C:\Program Files\Common Files\Oracle\Java\javapath;C:\Program Files (x86)\Common Files\Oracle\Java\javapath;C:\Python39\Scripts\;C:\Python39\;C:\WINDOWS\system32;C:\WINDOWS;C:\WINDOWS\System32\Wbem;C:\WINDOWS\System32\WindowsPowerShell\v1.0\;C:\WINDOWS\System32\OpenSSH\;C:\Program Files\Intel\WiFi\bin\;C:\Program Files\Common Files\Intel\WirelessCommon\;C:\Program Files (x86)\HP\IdrsOCR_15.2.10.1114\;C:\ProgramData\chocolatey\bin;C:\Program Files (x86)\nodejs;C:\Program Files\Git\cmd;C:\apache-maven\bin;C:\Program Files\nodejs\;C:\xampp\php;C:\ProgramData\ComposerSetup\bin;C:\openssl-1.0.2r-x64_86-win64;%M2_HOME%\bin;;C:\Program Files\Docker\Docker\resources\bin;C:\Users\User\scoop\shims;C:\Users\User\AppData\Local\Microsoft\WindowsApps;C:\Program Files (x86)\nodejs;C:\Users\User\AppData\Local\Programs\Microsoft VS Code\bin;C:\flutter\bin;C:\apache-maven\bin;;C:\Program Files\JetBrains\IntelliJ IDEA Community Edition 2022.1\bin;;C:\Users\User\AppData\Roaming\npm;C:\Users\User\AppData\Roaming\Composer\vendor\bin;C:\Program Files\JetBrains\PhpStorm 2022.1.4\bin;
USERNAME=User
OS=Windows_NT
PROCESSOR_IDENTIFIER=Intel64 Family 6 Model 142 Stepping 11, GenuineIntel



---------------  S Y S T E M  ---------------

OS:
 Windows 10 , 64 bit Build 19041 (10.0.19041.3570)
OS uptime: 1 days 1:10 hours
Hyper-V role detected

CPU: total 8 (initial active 8) (4 cores per cpu, 2 threads per core) family 6 model 142 stepping 11 microcode 0xde, cx8, cmov, fxsr, ht, mmx, 3dnowpref, sse, sse2, sse3, ssse3, sse4.1, sse4.2, popcnt, lzcnt, tsc, tscinvbit, avx, avx2, aes, erms, clmul, bmi1, bmi2, adx, fma, vzeroupper, clflush, clflushopt, hv

Memory: 4k page, system-wide physical 20331M (4134M free)
TotalPageFile size 23885M (AvailPageFile size 179M)
current process WorkingSet (physical memory assigned to process): 10M, peak: 10M
current process commit charge ("private bytes"): 60M, peak: 380M

vm_info: Java HotSpot(TM) 64-Bit Server VM (17.0.6+9-LTS-190) for windows-amd64 JRE (17.0.6+9-LTS-190), built on Dec  6 2022 15:53:54 by "mach5one" with MS VC++ 17.1 (VS2022)

END.
